<?xml version="1.0" encoding="UTF-8"?>
<!-- Generated by org.testng.reporters.JUnitReportReporter -->
<testsuite hostname="Sumanth" failures="0" tests="1" name="testscripts.search.SearchBlueJeansTestCase" time="11.870" errors="0" timestamp="2024-07-27T11:47:20 IST" skipped="0">
  <testcase classname="testscripts.search.SearchBlueJeansTestCase" name="verify_User_Is_Able_To_Add_BlueJeans_Product_To_Cart" time="11.870">
    <system-out>
      <![CDATA[Blue Jeans result is displayed
Blue Jeans is added to Cart
Quantity increased successfully
Removed from cart successfully]]>
    </system-out>
  </testcase> <!-- verify_User_Is_Able_To_Add_BlueJeans_Product_To_Cart -->
  <system-out>
    <![CDATA[Blue Jeans result is displayed
Blue Jeans is added to Cart
Quantity increased successfully
Removed from cart successfully]]>
  </system-out>
</testsuite> <!-- testscripts.search.SearchBlueJeansTestCase -->
