<?xml version="1.0" encoding="UTF-8"?>
<!-- Generated by org.testng.reporters.JUnitReportReporter -->
<testsuite hostname="Sumanth" failures="0" tests="1" name="testscripts.books.WishListTestCase" time="7.157" errors="0" timestamp="2024-07-27T11:49:44 IST" skipped="0">
  <testcase classname="testscripts.books.WishListTestCase" name="verify_User_Is_Able_To_WishList" time="7.157">
    <system-out>
      <![CDATA[Navigated to Books page successfull
Navigated to FictionEX page successfull
verify_User_Is_Ablle_To_WishList is Pass
Product are removed from Wishlist]]>
    </system-out>
  </testcase> <!-- verify_User_Is_Able_To_WishList -->
  <system-out>
    <![CDATA[Navigated to Books page successfull
Navigated to FictionEX page successfull
verify_User_Is_Ablle_To_WishList is Pass
Product are removed from Wishlist]]>
  </system-out>
</testsuite> <!-- testscripts.books.WishListTestCase -->
