<?xml version="1.0" encoding="UTF-8"?>
<!-- Generated by org.testng.reporters.JUnitReportReporter -->
<testsuite hostname="Sumanth" failures="0" tests="1" name="TestScripts.DemoWebshop_Wishlist" time="5.699" errors="0" timestamp="2024-07-26T12:01:31 IST" skipped="0">
  <testcase classname="TestScripts.DemoWebshop_Wishlist" name="verify_User_Is_Able_To_Add_Product_To_WishList" time="5.699">
    <system-out>
      <![CDATA[Navigated to Books page successfull
Navigated to FictionEX page successfull
verify_User_Is_Ablle_To_WishList is Pass
Product are removed from Wishlist]]>
    </system-out>
  </testcase> <!-- verify_User_Is_Able_To_Add_Product_To_WishList -->
  <system-out>
    <![CDATA[Navigated to Books page successfull
Navigated to FictionEX page successfull
verify_User_Is_Ablle_To_WishList is Pass
Product are removed from Wishlist]]>
  </system-out>
</testsuite> <!-- TestScripts.DemoWebshop_Wishlist -->
