<?xml version="1.0" encoding="UTF-8"?>
<!-- Generated by org.testng.reporters.JUnitReportReporter -->
<testsuite hostname="Sumanth" failures="0" tests="5" name="testscripts.register.RegiisterTestCase" time="29.042" errors="0" timestamp="2024-07-27T11:41:16 IST" skipped="0">
  <testcase classname="testscripts.register.RegiisterTestCase" name="verify_User_Is_able_To_Register" time="5.493">
    <system-out>
      <![CDATA[Navigated to Register page successfull
Register Successfull]]>
    </system-out>
  </testcase> <!-- verify_User_Is_able_To_Register -->
  <testcase classname="testscripts.register.RegiisterTestCase" name="verify_User_Is_able_To_Register" time="5.903">
    <system-out>
      <![CDATA[Navigated to Register page successfull
Register Successfull]]>
    </system-out>
  </testcase> <!-- verify_User_Is_able_To_Register -->
  <testcase classname="testscripts.register.RegiisterTestCase" name="verify_User_Is_able_To_Register" time="5.794">
    <system-out>
      <![CDATA[Navigated to Register page successfull
Register Successfull]]>
    </system-out>
  </testcase> <!-- verify_User_Is_able_To_Register -->
  <testcase classname="testscripts.register.RegiisterTestCase" name="verify_User_Is_able_To_Register" time="5.052">
    <system-out>
      <![CDATA[Navigated to Register page successfull
Register Successfull]]>
    </system-out>
  </testcase> <!-- verify_User_Is_able_To_Register -->
  <testcase classname="testscripts.register.RegiisterTestCase" name="verify_User_Is_able_To_Register" time="6.800">
    <system-out>
      <![CDATA[Navigated to Register page successfull
Register Successfull]]>
    </system-out>
  </testcase> <!-- verify_User_Is_able_To_Register -->
  <system-out>
    <![CDATA[Navigated to Register page successfull
Register Successfull
Navigated to Register page successfull
Register Successfull
Navigated to Register page successfull
Register Successfull
Navigated to Register page successfull
Register Successfull
Navigated to Register page successfull
Register Successfull]]>
  </system-out>
</testsuite> <!-- testscripts.register.RegiisterTestCase -->
