<?xml version="1.0" encoding="UTF-8"?>
<!-- Generated by org.testng.reporters.JUnitReportReporter -->
<testsuite hostname="Sumanth" failures="0" tests="1" name="testscripts.digitaldownloads.AddToCAartTestCase$AddToCartTestCase" time="12.995" errors="0" timestamp="2024-07-27T11:48:42 IST" skipped="0">
  <testcase classname="testscripts.digitaldownloads.AddToCAartTestCase$AddToCartTestCase" name="verify_User_Is_Able_To_Add_Product_To_Cart" time="12.995">
    <system-out>
      <![CDATA[Navigated to Digital Downloads page pass
Navigated to Cart Page Successfully
Products are added to Cart Successfully
Products are removed from Cart pass]]>
    </system-out>
  </testcase> <!-- verify_User_Is_Able_To_Add_Product_To_Cart -->
  <system-out>
    <![CDATA[Navigated to Digital Downloads page pass
Navigated to Cart Page Successfully
Products are added to Cart Successfully
Products are removed from Cart pass]]>
  </system-out>
</testsuite> <!-- testscripts.digitaldownloads.AddToCAartTestCase$AddToCartTestCase -->
